2022-07-25 01:19:43,609:INFO:PyCaret Supervised Module
2022-07-25 01:19:43,610:INFO:ML Usecase: classification
2022-07-25 01:19:43,610:INFO:version 2.3.10
2022-07-25 01:19:43,611:INFO:Initializing setup()
2022-07-25 01:19:43,611:INFO:setup(target=y, ml_usecase=classification, available_plots={'parameter': 'Hyperparameters', 'auc': 'AUC', 'confusion_matrix': 'Confusion Matrix', 'threshold': 'Threshold', 'pr': 'Precision Recall', 'error': 'Prediction Error', 'class_report': 'Class Report', 'rfe': 'Feature Selection', 'learning': 'Learning Curve', 'manifold': 'Manifold Learning', 'calibration': 'Calibration Curve', 'vc': 'Validation Curve', 'dimension': 'Dimensions', 'feature': 'Feature Importance', 'feature_all': 'Feature Importance (All)', 'boundary': 'Decision Boundary', 'lift': 'Lift Chart', 'gain': 'Gain Chart', 'tree': 'Decision Tree', 'ks': 'KS Statistic Plot'}, train_size=0.7, test_data=None, preprocess=True, imputation_type=simple, iterative_imputation_iters=5, categorical_features=None, categorical_imputation=constant, categorical_iterative_imputer=lightgbm, ordinal_features=None, high_cardinality_features=None, high_cardinality_method=frequency, numeric_features=None, numeric_imputation=mean, numeric_iterative_imputer=lightgbm, date_features=None, ignore_features=None, normalize=False, normalize_method=zscore, transformation=False, transformation_method=yeo-johnson, handle_unknown_categorical=True, unknown_categorical_method=least_frequent, pca=False, pca_method=linear, pca_components=None, ignore_low_variance=False, combine_rare_levels=False, rare_level_threshold=0.1, bin_numeric_features=None, remove_outliers=False, outliers_threshold=0.05, remove_multicollinearity=False, multicollinearity_threshold=0.9, remove_perfect_collinearity=True, create_clusters=False, cluster_iter=20, polynomial_features=False, polynomial_degree=2, trigonometry_features=False, polynomial_threshold=0.1, group_features=None, group_names=None, feature_selection=False, feature_selection_threshold=0.8, feature_selection_method=classic, feature_interaction=False, feature_ratio=False, interaction_threshold=0.01, fix_imbalance=False, fix_imbalance_method=None, transform_target=False, transform_target_method=box-cox, data_split_shuffle=True, data_split_stratify=False, fold_strategy=stratifiedkfold, fold=10, fold_shuffle=False, fold_groups=None, n_jobs=-1, use_gpu=False, custom_pipeline=None, html=True, session_id=None, log_experiment=False, experiment_name=None, experiment_custom_tags=None, log_plots=False, log_profile=False, log_data=False, silent=False, verbose=True, profile=False, profile_kwargs=None, display=None)
2022-07-25 01:19:43,615:INFO:Checking environment
2022-07-25 01:19:43,615:INFO:python_version: 3.7.13
2022-07-25 01:19:43,615:INFO:python_build: ('default', 'Mar 28 2022 08:03:21')
2022-07-25 01:19:43,615:INFO:machine: AMD64
2022-07-25 01:19:43,615:INFO:platform: Windows-10-10.0.19041-SP0
2022-07-25 01:19:43,618:WARNING:cannot find psutil installation. memory not traceable. Install psutil using pip to enable memory logging.
2022-07-25 01:19:43,618:INFO:Checking libraries
2022-07-25 01:19:43,618:INFO:pd==1.3.5
2022-07-25 01:19:43,618:INFO:numpy==1.19.5
2022-07-25 01:19:43,618:INFO:sklearn==0.23.2
2022-07-25 01:19:43,618:INFO:lightgbm==3.3.2
2022-07-25 01:19:43,620:WARNING:catboost not found
2022-07-25 01:19:43,622:WARNING:xgboost not found
2022-07-25 01:19:43,623:INFO:mlflow==1.27.0
2022-07-25 01:19:43,623:INFO:Checking Exceptions
2022-07-25 01:19:43,623:INFO:Declaring global variables
2022-07-25 01:19:43,623:INFO:USI: 6759
2022-07-25 01:19:43,623:INFO:pycaret_globals: {'experiment__', '_internal_pipeline', 'iterative_imputation_iters_param', '_all_metrics', 'X_train', 'X', 'target_param', 'pycaret_globals', 'master_model_container', 'stratify_param', 'fold_generator', 'fold_groups_param', 'display_container', 'imputation_regressor', 'exp_name_log', 'transform_target_method_param', 'create_model_container', '_all_models_internal', 'fold_param', 'imputation_classifier', 'X_test', 'fold_shuffle_param', 'y_train', 'logging_param', 'seed', '_ml_usecase', 'prep_pipe', 'y', '_available_plots', 'html_param', 'fix_imbalance_method_param', 'data_before_preprocess', 'dashboard_logger', 'fold_groups_param_full', 'USI', '_gpu_n_jobs_param', 'gpu_param', 'fix_imbalance_param', 'y_test', 'n_jobs_param', 'transform_target_param', '_all_models', 'log_plots_param'}
2022-07-25 01:19:43,624:INFO:Preparing display monitor
2022-07-25 01:19:43,625:INFO:Preparing display monitor
2022-07-25 01:19:43,678:INFO:Importing libraries
2022-07-25 01:19:43,678:INFO:Copying data for preprocessing
2022-07-25 01:19:43,719:INFO:Declaring preprocessing parameters
2022-07-25 01:19:43,732:INFO:Creating preprocessing pipeline
2022-07-25 01:19:43,838:INFO:Preprocessing pipeline created successfully
2022-07-25 01:19:43,838:ERROR:(Process Exit): setup has been interupted with user command 'quit'. setup must rerun.
2022-07-25 01:19:43,838:INFO:Creating global containers
2022-07-25 01:19:43,855:INFO:Internal pipeline: Pipeline(memory=None, steps=[('empty_step', 'passthrough')], verbose=False)
2022-07-25 01:20:23,846:WARNING:Couldn't import xgboost.XGBClassifier
2022-07-25 01:20:23,846:WARNING:Couldn't import catboost.CatBoostClassifier
2022-07-25 01:20:24,093:WARNING:Couldn't import xgboost.XGBClassifier
2022-07-25 01:20:24,108:WARNING:Couldn't import catboost.CatBoostClassifier
2022-07-25 01:20:24,108:INFO:Creating grid variables
2022-07-25 01:20:24,161:INFO:create_model_container: 0
2022-07-25 01:20:24,162:INFO:master_model_container: 0
2022-07-25 01:20:24,163:INFO:display_container: 1
2022-07-25 01:20:24,178:INFO:Pipeline(memory=None,
         steps=[('dtypes',
                 DataTypes_Auto_infer(categorical_features=[],
                                      display_types=True, features_todrop=[],
                                      id_columns=[],
                                      ml_usecase='classification',
                                      numerical_features=[], target='y',
                                      time_features=[])),
                ('imputer',
                 Simple_Imputer(categorical_strategy='not_available',
                                fill_value_categorical=None,
                                fill_value_numerical=None,
                                numeric_strategy='...
                ('scaling', 'passthrough'), ('P_transform', 'passthrough'),
                ('binn', 'passthrough'), ('rem_outliers', 'passthrough'),
                ('cluster_all', 'passthrough'), ('dummy', Dummify(target='y')),
                ('fix_perfect', Remove_100(target='y')),
                ('clean_names', Clean_Colum_Names()),
                ('feature_select', 'passthrough'), ('fix_multi', 'passthrough'),
                ('dfs', 'passthrough'), ('pca', 'passthrough')],
         verbose=False)
2022-07-25 01:20:24,179:INFO:setup() succesfully completed......................................
2022-07-25 01:20:24,337:INFO:Initializing compare_models()
2022-07-25 01:20:24,337:INFO:compare_models(include=None, fold=None, round=4, cross_validation=True, sort=Accuracy, n_select=1, budget_time=None, turbo=True, errors=ignore, fit_kwargs=None, groups=None, experiment_custom_tags=None, probability_threshold=None, verbose=True, display=None, exclude=None)
2022-07-25 01:20:24,337:INFO:Checking exceptions
2022-07-25 01:20:24,337:INFO:Preparing display monitor
2022-07-25 01:20:24,337:INFO:Preparing display monitor
2022-07-25 01:20:24,427:INFO:Initializing Logistic Regression
2022-07-25 01:20:24,428:INFO:Total runtime is 1.6661485036214194e-05 minutes
2022-07-25 01:20:24,461:INFO:SubProcess create_model() called ==================================
2022-07-25 01:20:24,462:INFO:Initializing create_model()
2022-07-25 01:20:24,463:INFO:create_model(estimator=lr, fold=StratifiedKFold(n_splits=10, random_state=None, shuffle=False), round=4, cross_validation=True, predict=True, fit_kwargs={}, groups=None, refit=False, verbose=False, system=False, metrics=None, experiment_custom_tags=None, add_to_model_list=True, probability_threshold=None, display=<pycaret.internal.Display.Display object at 0x00000221B0648D48>, return_train_score=False, kwargs={})
2022-07-25 01:20:24,463:INFO:Checking exceptions
2022-07-25 01:20:24,463:INFO:Importing libraries
2022-07-25 01:20:24,463:INFO:Copying training dataset
2022-07-25 01:20:24,468:INFO:Defining folds
2022-07-25 01:20:24,468:INFO:Declaring metric variables
2022-07-25 01:20:24,498:INFO:Importing untrained model
2022-07-25 01:20:24,525:INFO:Logistic Regression Imported succesfully
2022-07-25 01:20:24,584:INFO:Starting cross validation
2022-07-25 01:20:24,586:INFO:Cross validating with StratifiedKFold(n_splits=10, random_state=None, shuffle=False), n_jobs=-1
2022-07-25 01:20:49,444:INFO:Calculating mean and std
2022-07-25 01:20:49,444:INFO:Creating metrics dataframe
2022-07-25 01:20:49,468:INFO:Uploading results into container
2022-07-25 01:20:49,468:INFO:Uploading model into container now
2022-07-25 01:20:49,469:INFO:create_model_container: 1
2022-07-25 01:20:49,469:INFO:master_model_container: 1
2022-07-25 01:20:49,469:INFO:display_container: 2
2022-07-25 01:20:49,470:INFO:LogisticRegression(C=1.0, class_weight=None, dual=False, fit_intercept=True,
                   intercept_scaling=1, l1_ratio=None, max_iter=1000,
                   multi_class='auto', n_jobs=None, penalty='l2',
                   random_state=4132, solver='lbfgs', tol=0.0001, verbose=0,
                   warm_start=False)
2022-07-25 01:20:49,470:INFO:create_model() succesfully completed......................................
2022-07-25 01:20:49,586:INFO:SubProcess create_model() end ==================================
2022-07-25 01:20:49,586:INFO:Creating metrics dataframe
2022-07-25 01:20:49,633:INFO:Initializing K Neighbors Classifier
2022-07-25 01:20:49,633:INFO:Total runtime is 0.42009255091349285 minutes
2022-07-25 01:20:49,665:INFO:SubProcess create_model() called ==================================
2022-07-25 01:20:49,666:INFO:Initializing create_model()
2022-07-25 01:20:49,666:INFO:create_model(estimator=knn, fold=StratifiedKFold(n_splits=10, random_state=None, shuffle=False), round=4, cross_validation=True, predict=True, fit_kwargs={}, groups=None, refit=False, verbose=False, system=False, metrics=None, experiment_custom_tags=None, add_to_model_list=True, probability_threshold=None, display=<pycaret.internal.Display.Display object at 0x00000221B0648D48>, return_train_score=False, kwargs={})
2022-07-25 01:20:49,667:INFO:Checking exceptions
2022-07-25 01:20:49,667:INFO:Importing libraries
2022-07-25 01:20:49,667:INFO:Copying training dataset
2022-07-25 01:20:49,671:INFO:Defining folds
2022-07-25 01:20:49,672:INFO:Declaring metric variables
2022-07-25 01:20:49,700:INFO:Importing untrained model
2022-07-25 01:20:49,726:INFO:K Neighbors Classifier Imported succesfully
2022-07-25 01:20:49,802:INFO:Starting cross validation
2022-07-25 01:20:49,805:INFO:Cross validating with StratifiedKFold(n_splits=10, random_state=None, shuffle=False), n_jobs=-1
2022-07-25 01:20:56,229:INFO:Calculating mean and std
2022-07-25 01:20:56,229:INFO:Creating metrics dataframe
2022-07-25 01:20:56,245:INFO:Uploading results into container
2022-07-25 01:20:56,245:INFO:Uploading model into container now
2022-07-25 01:20:56,245:INFO:create_model_container: 2
2022-07-25 01:20:56,246:INFO:master_model_container: 2
2022-07-25 01:20:56,246:INFO:display_container: 2
2022-07-25 01:20:56,247:INFO:KNeighborsClassifier(algorithm='auto', leaf_size=30, metric='minkowski',
                     metric_params=None, n_jobs=-1, n_neighbors=5, p=2,
                     weights='uniform')
2022-07-25 01:20:56,247:INFO:create_model() succesfully completed......................................
2022-07-25 01:20:56,360:INFO:SubProcess create_model() end ==================================
2022-07-25 01:20:56,360:INFO:Creating metrics dataframe
2022-07-25 01:20:56,397:INFO:Initializing Naive Bayes
2022-07-25 01:20:56,397:INFO:Total runtime is 0.5328287124633789 minutes
2022-07-25 01:20:56,427:INFO:SubProcess create_model() called ==================================
2022-07-25 01:20:56,428:INFO:Initializing create_model()
2022-07-25 01:20:56,428:INFO:create_model(estimator=nb, fold=StratifiedKFold(n_splits=10, random_state=None, shuffle=False), round=4, cross_validation=True, predict=True, fit_kwargs={}, groups=None, refit=False, verbose=False, system=False, metrics=None, experiment_custom_tags=None, add_to_model_list=True, probability_threshold=None, display=<pycaret.internal.Display.Display object at 0x00000221B0648D48>, return_train_score=False, kwargs={})
2022-07-25 01:20:56,429:INFO:Checking exceptions
2022-07-25 01:20:56,430:INFO:Importing libraries
2022-07-25 01:20:56,430:INFO:Copying training dataset
2022-07-25 01:20:56,433:INFO:Defining folds
2022-07-25 01:20:56,433:INFO:Declaring metric variables
2022-07-25 01:20:56,459:INFO:Importing untrained model
2022-07-25 01:20:56,478:INFO:Naive Bayes Imported succesfully
2022-07-25 01:20:56,527:INFO:Starting cross validation
2022-07-25 01:20:56,527:INFO:Cross validating with StratifiedKFold(n_splits=10, random_state=None, shuffle=False), n_jobs=-1
2022-07-25 01:20:57,147:INFO:Calculating mean and std
2022-07-25 01:20:57,171:INFO:Creating metrics dataframe
2022-07-25 01:20:57,184:INFO:Uploading results into container
2022-07-25 01:20:57,185:INFO:Uploading model into container now
2022-07-25 01:20:57,185:INFO:create_model_container: 3
2022-07-25 01:20:57,185:INFO:master_model_container: 3
2022-07-25 01:20:57,185:INFO:display_container: 2
2022-07-25 01:20:57,186:INFO:GaussianNB(priors=None, var_smoothing=1e-09)
2022-07-25 01:20:57,186:INFO:create_model() succesfully completed......................................
2022-07-25 01:20:57,300:INFO:SubProcess create_model() end ==================================
2022-07-25 01:20:57,300:INFO:Creating metrics dataframe
2022-07-25 01:20:57,331:INFO:Initializing Decision Tree Classifier
2022-07-25 01:20:57,347:INFO:Total runtime is 0.5486509124437968 minutes
2022-07-25 01:20:57,371:INFO:SubProcess create_model() called ==================================
2022-07-25 01:20:57,372:INFO:Initializing create_model()
2022-07-25 01:20:57,372:INFO:create_model(estimator=dt, fold=StratifiedKFold(n_splits=10, random_state=None, shuffle=False), round=4, cross_validation=True, predict=True, fit_kwargs={}, groups=None, refit=False, verbose=False, system=False, metrics=None, experiment_custom_tags=None, add_to_model_list=True, probability_threshold=None, display=<pycaret.internal.Display.Display object at 0x00000221B0648D48>, return_train_score=False, kwargs={})
2022-07-25 01:20:57,372:INFO:Checking exceptions
2022-07-25 01:20:57,373:INFO:Importing libraries
2022-07-25 01:20:57,373:INFO:Copying training dataset
2022-07-25 01:20:57,376:INFO:Defining folds
2022-07-25 01:20:57,377:INFO:Declaring metric variables
2022-07-25 01:20:57,405:INFO:Importing untrained model
2022-07-25 01:20:57,435:INFO:Decision Tree Classifier Imported succesfully
2022-07-25 01:20:57,493:INFO:Starting cross validation
2022-07-25 01:20:57,494:INFO:Cross validating with StratifiedKFold(n_splits=10, random_state=None, shuffle=False), n_jobs=-1
2022-07-25 01:20:58,983:INFO:Calculating mean and std
2022-07-25 01:20:58,985:INFO:Creating metrics dataframe
2022-07-25 01:20:59,001:INFO:Uploading results into container
2022-07-25 01:20:59,001:INFO:Uploading model into container now
2022-07-25 01:20:59,002:INFO:create_model_container: 4
2022-07-25 01:20:59,002:INFO:master_model_container: 4
2022-07-25 01:20:59,002:INFO:display_container: 2
2022-07-25 01:20:59,003:INFO:DecisionTreeClassifier(ccp_alpha=0.0, class_weight=None, criterion='gini',
                       max_depth=None, max_features=None, max_leaf_nodes=None,
                       min_impurity_decrease=0.0, min_impurity_split=None,
                       min_samples_leaf=1, min_samples_split=2,
                       min_weight_fraction_leaf=0.0, presort='deprecated',
                       random_state=4132, splitter='best')
2022-07-25 01:20:59,003:INFO:create_model() succesfully completed......................................
2022-07-25 01:20:59,116:INFO:SubProcess create_model() end ==================================
2022-07-25 01:20:59,116:INFO:Creating metrics dataframe
2022-07-25 01:20:59,150:INFO:Initializing SVM - Linear Kernel
2022-07-25 01:20:59,150:INFO:Total runtime is 0.578705914815267 minutes
2022-07-25 01:20:59,184:INFO:SubProcess create_model() called ==================================
2022-07-25 01:20:59,185:INFO:Initializing create_model()
2022-07-25 01:20:59,185:INFO:create_model(estimator=svm, fold=StratifiedKFold(n_splits=10, random_state=None, shuffle=False), round=4, cross_validation=True, predict=True, fit_kwargs={}, groups=None, refit=False, verbose=False, system=False, metrics=None, experiment_custom_tags=None, add_to_model_list=True, probability_threshold=None, display=<pycaret.internal.Display.Display object at 0x00000221B0648D48>, return_train_score=False, kwargs={})
2022-07-25 01:20:59,186:INFO:Checking exceptions
2022-07-25 01:20:59,186:INFO:Importing libraries
2022-07-25 01:20:59,187:INFO:Copying training dataset
2022-07-25 01:20:59,190:INFO:Defining folds
2022-07-25 01:20:59,191:INFO:Declaring metric variables
2022-07-25 01:20:59,218:INFO:Importing untrained model
2022-07-25 01:20:59,244:INFO:SVM - Linear Kernel Imported succesfully
2022-07-25 01:20:59,288:INFO:Starting cross validation
2022-07-25 01:20:59,290:INFO:Cross validating with StratifiedKFold(n_splits=10, random_state=None, shuffle=False), n_jobs=-1
2022-07-25 01:21:06,779:INFO:Calculating mean and std
2022-07-25 01:21:06,783:INFO:Creating metrics dataframe
2022-07-25 01:21:06,797:INFO:Uploading results into container
2022-07-25 01:21:06,798:INFO:Uploading model into container now
2022-07-25 01:21:06,798:INFO:create_model_container: 5
2022-07-25 01:21:06,798:INFO:master_model_container: 5
2022-07-25 01:21:06,799:INFO:display_container: 2
2022-07-25 01:21:06,800:INFO:SGDClassifier(alpha=0.0001, average=False, class_weight=None,
              early_stopping=False, epsilon=0.1, eta0=0.001, fit_intercept=True,
              l1_ratio=0.15, learning_rate='optimal', loss='hinge',
              max_iter=1000, n_iter_no_change=5, n_jobs=-1, penalty='l2',
              power_t=0.5, random_state=4132, shuffle=True, tol=0.001,
              validation_fraction=0.1, verbose=0, warm_start=False)
2022-07-25 01:21:06,800:INFO:create_model() succesfully completed......................................
2022-07-25 01:21:06,942:INFO:SubProcess create_model() end ==================================
2022-07-25 01:21:06,942:INFO:Creating metrics dataframe
2022-07-25 01:21:06,974:INFO:Initializing Ridge Classifier
2022-07-25 01:21:06,989:INFO:Total runtime is 0.709366818269094 minutes
2022-07-25 01:21:07,012:INFO:SubProcess create_model() called ==================================
2022-07-25 01:21:07,013:INFO:Initializing create_model()
2022-07-25 01:21:07,013:INFO:create_model(estimator=ridge, fold=StratifiedKFold(n_splits=10, random_state=None, shuffle=False), round=4, cross_validation=True, predict=True, fit_kwargs={}, groups=None, refit=False, verbose=False, system=False, metrics=None, experiment_custom_tags=None, add_to_model_list=True, probability_threshold=None, display=<pycaret.internal.Display.Display object at 0x00000221B0648D48>, return_train_score=False, kwargs={})
2022-07-25 01:21:07,014:INFO:Checking exceptions
2022-07-25 01:21:07,014:INFO:Importing libraries
2022-07-25 01:21:07,015:INFO:Copying training dataset
2022-07-25 01:21:07,018:INFO:Defining folds
2022-07-25 01:21:07,019:INFO:Declaring metric variables
2022-07-25 01:21:07,048:INFO:Importing untrained model
2022-07-25 01:21:07,074:INFO:Ridge Classifier Imported succesfully
2022-07-25 01:21:07,126:INFO:Starting cross validation
2022-07-25 01:21:07,127:INFO:Cross validating with StratifiedKFold(n_splits=10, random_state=None, shuffle=False), n_jobs=-1
2022-07-25 01:21:07,969:INFO:Calculating mean and std
2022-07-25 01:21:07,969:INFO:Creating metrics dataframe
2022-07-25 01:21:07,989:INFO:Uploading results into container
2022-07-25 01:21:07,990:INFO:Uploading model into container now
2022-07-25 01:21:07,990:INFO:create_model_container: 6
2022-07-25 01:21:07,990:INFO:master_model_container: 6
2022-07-25 01:21:07,990:INFO:display_container: 2
2022-07-25 01:21:07,991:INFO:RidgeClassifier(alpha=1.0, class_weight=None, copy_X=True, fit_intercept=True,
                max_iter=None, normalize=False, random_state=4132,
                solver='auto', tol=0.001)
2022-07-25 01:21:07,991:INFO:create_model() succesfully completed......................................
2022-07-25 01:21:08,116:INFO:SubProcess create_model() end ==================================
2022-07-25 01:21:08,116:INFO:Creating metrics dataframe
2022-07-25 01:21:08,169:INFO:Initializing Random Forest Classifier
2022-07-25 01:21:08,169:INFO:Total runtime is 0.7290271878242495 minutes
2022-07-25 01:21:08,198:INFO:SubProcess create_model() called ==================================
2022-07-25 01:21:08,199:INFO:Initializing create_model()
2022-07-25 01:21:08,200:INFO:create_model(estimator=rf, fold=StratifiedKFold(n_splits=10, random_state=None, shuffle=False), round=4, cross_validation=True, predict=True, fit_kwargs={}, groups=None, refit=False, verbose=False, system=False, metrics=None, experiment_custom_tags=None, add_to_model_list=True, probability_threshold=None, display=<pycaret.internal.Display.Display object at 0x00000221B0648D48>, return_train_score=False, kwargs={})
2022-07-25 01:21:08,201:INFO:Checking exceptions
2022-07-25 01:21:08,201:INFO:Importing libraries
2022-07-25 01:21:08,201:INFO:Copying training dataset
2022-07-25 01:21:08,205:INFO:Defining folds
2022-07-25 01:21:08,206:INFO:Declaring metric variables
2022-07-25 01:21:08,235:INFO:Importing untrained model
2022-07-25 01:21:08,259:INFO:Random Forest Classifier Imported succesfully
2022-07-25 01:21:08,316:INFO:Starting cross validation
2022-07-25 01:21:08,317:INFO:Cross validating with StratifiedKFold(n_splits=10, random_state=None, shuffle=False), n_jobs=-1
2022-07-25 01:21:25,903:INFO:Calculating mean and std
2022-07-25 01:21:25,903:INFO:Creating metrics dataframe
2022-07-25 01:21:25,909:INFO:Uploading results into container
2022-07-25 01:21:25,909:INFO:Uploading model into container now
2022-07-25 01:21:25,909:INFO:create_model_container: 7
2022-07-25 01:21:25,909:INFO:master_model_container: 7
2022-07-25 01:21:25,909:INFO:display_container: 2
2022-07-25 01:21:25,924:INFO:RandomForestClassifier(bootstrap=True, ccp_alpha=0.0, class_weight=None,
                       criterion='gini', max_depth=None, max_features='auto',
                       max_leaf_nodes=None, max_samples=None,
                       min_impurity_decrease=0.0, min_impurity_split=None,
                       min_samples_leaf=1, min_samples_split=2,
                       min_weight_fraction_leaf=0.0, n_estimators=100,
                       n_jobs=-1, oob_score=False, random_state=4132, verbose=0,
                       warm_start=False)
2022-07-25 01:21:25,924:INFO:create_model() succesfully completed......................................
2022-07-25 01:21:26,056:INFO:SubProcess create_model() end ==================================
2022-07-25 01:21:26,056:INFO:Creating metrics dataframe
2022-07-25 01:21:26,103:INFO:Initializing Quadratic Discriminant Analysis
2022-07-25 01:21:26,103:INFO:Total runtime is 1.0279197931289674 minutes
2022-07-25 01:21:26,129:INFO:SubProcess create_model() called ==================================
2022-07-25 01:21:26,130:INFO:Initializing create_model()
2022-07-25 01:21:26,131:INFO:create_model(estimator=qda, fold=StratifiedKFold(n_splits=10, random_state=None, shuffle=False), round=4, cross_validation=True, predict=True, fit_kwargs={}, groups=None, refit=False, verbose=False, system=False, metrics=None, experiment_custom_tags=None, add_to_model_list=True, probability_threshold=None, display=<pycaret.internal.Display.Display object at 0x00000221B0648D48>, return_train_score=False, kwargs={})
2022-07-25 01:21:26,131:INFO:Checking exceptions
2022-07-25 01:21:26,132:INFO:Importing libraries
2022-07-25 01:21:26,133:INFO:Copying training dataset
2022-07-25 01:21:26,136:INFO:Defining folds
2022-07-25 01:21:26,136:INFO:Declaring metric variables
2022-07-25 01:21:26,177:INFO:Importing untrained model
2022-07-25 01:21:26,201:INFO:Quadratic Discriminant Analysis Imported succesfully
2022-07-25 01:21:26,260:INFO:Starting cross validation
2022-07-25 01:21:26,262:INFO:Cross validating with StratifiedKFold(n_splits=10, random_state=None, shuffle=False), n_jobs=-1
2022-07-25 01:21:28,459:INFO:Calculating mean and std
2022-07-25 01:21:28,461:INFO:Creating metrics dataframe
2022-07-25 01:21:28,471:INFO:Uploading results into container
2022-07-25 01:21:28,471:INFO:Uploading model into container now
2022-07-25 01:21:28,471:INFO:create_model_container: 8
2022-07-25 01:21:28,471:INFO:master_model_container: 8
2022-07-25 01:21:28,471:INFO:display_container: 2
2022-07-25 01:21:28,471:INFO:QuadraticDiscriminantAnalysis(priors=None, reg_param=0.0,
                              store_covariance=False, tol=0.0001)
2022-07-25 01:21:28,471:INFO:create_model() succesfully completed......................................
2022-07-25 01:21:28,623:INFO:SubProcess create_model() end ==================================
2022-07-25 01:21:28,623:INFO:Creating metrics dataframe
2022-07-25 01:21:28,672:INFO:Initializing Ada Boost Classifier
2022-07-25 01:21:28,675:INFO:Total runtime is 1.0707843144734701 minutes
2022-07-25 01:21:28,701:INFO:SubProcess create_model() called ==================================
2022-07-25 01:21:28,702:INFO:Initializing create_model()
2022-07-25 01:21:28,703:INFO:create_model(estimator=ada, fold=StratifiedKFold(n_splits=10, random_state=None, shuffle=False), round=4, cross_validation=True, predict=True, fit_kwargs={}, groups=None, refit=False, verbose=False, system=False, metrics=None, experiment_custom_tags=None, add_to_model_list=True, probability_threshold=None, display=<pycaret.internal.Display.Display object at 0x00000221B0648D48>, return_train_score=False, kwargs={})
2022-07-25 01:21:28,703:INFO:Checking exceptions
2022-07-25 01:21:28,703:INFO:Importing libraries
2022-07-25 01:21:28,704:INFO:Copying training dataset
2022-07-25 01:21:28,708:INFO:Defining folds
2022-07-25 01:21:28,708:INFO:Declaring metric variables
2022-07-25 01:21:28,741:INFO:Importing untrained model
2022-07-25 01:21:28,767:INFO:Ada Boost Classifier Imported succesfully
2022-07-25 01:21:28,826:INFO:Starting cross validation
2022-07-25 01:21:28,828:INFO:Cross validating with StratifiedKFold(n_splits=10, random_state=None, shuffle=False), n_jobs=-1
2022-07-25 01:21:37,662:INFO:Calculating mean and std
2022-07-25 01:21:37,664:INFO:Creating metrics dataframe
2022-07-25 01:21:37,674:INFO:Uploading results into container
2022-07-25 01:21:37,683:INFO:Uploading model into container now
2022-07-25 01:21:37,683:INFO:create_model_container: 9
2022-07-25 01:21:37,683:INFO:master_model_container: 9
2022-07-25 01:21:37,683:INFO:display_container: 2
2022-07-25 01:21:37,685:INFO:AdaBoostClassifier(algorithm='SAMME.R', base_estimator=None, learning_rate=1.0,
                   n_estimators=50, random_state=4132)
2022-07-25 01:21:37,685:INFO:create_model() succesfully completed......................................
2022-07-25 01:21:37,827:INFO:SubProcess create_model() end ==================================
2022-07-25 01:21:37,827:INFO:Creating metrics dataframe
2022-07-25 01:21:37,898:INFO:Initializing Gradient Boosting Classifier
2022-07-25 01:21:37,899:INFO:Total runtime is 1.2245230038960775 minutes
2022-07-25 01:21:37,928:INFO:SubProcess create_model() called ==================================
2022-07-25 01:21:37,929:INFO:Initializing create_model()
2022-07-25 01:21:37,929:INFO:create_model(estimator=gbc, fold=StratifiedKFold(n_splits=10, random_state=None, shuffle=False), round=4, cross_validation=True, predict=True, fit_kwargs={}, groups=None, refit=False, verbose=False, system=False, metrics=None, experiment_custom_tags=None, add_to_model_list=True, probability_threshold=None, display=<pycaret.internal.Display.Display object at 0x00000221B0648D48>, return_train_score=False, kwargs={})
2022-07-25 01:21:37,930:INFO:Checking exceptions
2022-07-25 01:21:37,930:INFO:Importing libraries
2022-07-25 01:21:37,931:INFO:Copying training dataset
2022-07-25 01:21:37,936:INFO:Defining folds
2022-07-25 01:21:37,938:INFO:Declaring metric variables
2022-07-25 01:21:37,974:INFO:Importing untrained model
2022-07-25 01:21:38,005:INFO:Gradient Boosting Classifier Imported succesfully
2022-07-25 01:21:38,070:INFO:Starting cross validation
2022-07-25 01:21:38,073:INFO:Cross validating with StratifiedKFold(n_splits=10, random_state=None, shuffle=False), n_jobs=-1
2022-07-25 01:22:08,237:INFO:Calculating mean and std
2022-07-25 01:22:08,237:INFO:Creating metrics dataframe
2022-07-25 01:22:08,237:INFO:Uploading results into container
2022-07-25 01:22:08,237:INFO:Uploading model into container now
2022-07-25 01:22:08,237:INFO:create_model_container: 10
2022-07-25 01:22:08,253:INFO:master_model_container: 10
2022-07-25 01:22:08,253:INFO:display_container: 2
2022-07-25 01:22:08,253:INFO:GradientBoostingClassifier(ccp_alpha=0.0, criterion='friedman_mse', init=None,
                           learning_rate=0.1, loss='deviance', max_depth=3,
                           max_features=None, max_leaf_nodes=None,
                           min_impurity_decrease=0.0, min_impurity_split=None,
                           min_samples_leaf=1, min_samples_split=2,
                           min_weight_fraction_leaf=0.0, n_estimators=100,
                           n_iter_no_change=None, presort='deprecated',
                           random_state=4132, subsample=1.0, tol=0.0001,
                           validation_fraction=0.1, verbose=0,
                           warm_start=False)
2022-07-25 01:22:08,253:INFO:create_model() succesfully completed......................................
2022-07-25 01:22:08,385:INFO:SubProcess create_model() end ==================================
2022-07-25 01:22:08,385:INFO:Creating metrics dataframe
2022-07-25 01:22:08,437:INFO:Initializing Linear Discriminant Analysis
2022-07-25 01:22:08,437:INFO:Total runtime is 1.733492390314738 minutes
2022-07-25 01:22:08,468:INFO:SubProcess create_model() called ==================================
2022-07-25 01:22:08,469:INFO:Initializing create_model()
2022-07-25 01:22:08,469:INFO:create_model(estimator=lda, fold=StratifiedKFold(n_splits=10, random_state=None, shuffle=False), round=4, cross_validation=True, predict=True, fit_kwargs={}, groups=None, refit=False, verbose=False, system=False, metrics=None, experiment_custom_tags=None, add_to_model_list=True, probability_threshold=None, display=<pycaret.internal.Display.Display object at 0x00000221B0648D48>, return_train_score=False, kwargs={})
2022-07-25 01:22:08,470:INFO:Checking exceptions
2022-07-25 01:22:08,470:INFO:Importing libraries
2022-07-25 01:22:08,471:INFO:Copying training dataset
2022-07-25 01:22:08,475:INFO:Defining folds
2022-07-25 01:22:08,476:INFO:Declaring metric variables
2022-07-25 01:22:08,503:INFO:Importing untrained model
2022-07-25 01:22:08,544:INFO:Linear Discriminant Analysis Imported succesfully
2022-07-25 01:22:08,601:INFO:Starting cross validation
2022-07-25 01:22:08,602:INFO:Cross validating with StratifiedKFold(n_splits=10, random_state=None, shuffle=False), n_jobs=-1
2022-07-25 01:22:12,073:INFO:Calculating mean and std
2022-07-25 01:22:12,073:INFO:Creating metrics dataframe
2022-07-25 01:22:12,088:INFO:Uploading results into container
2022-07-25 01:22:12,091:INFO:Uploading model into container now
2022-07-25 01:22:12,091:INFO:create_model_container: 11
2022-07-25 01:22:12,091:INFO:master_model_container: 11
2022-07-25 01:22:12,091:INFO:display_container: 2
2022-07-25 01:22:12,093:INFO:LinearDiscriminantAnalysis(n_components=None, priors=None, shrinkage=None,
                           solver='svd', store_covariance=False, tol=0.0001)
2022-07-25 01:22:12,093:INFO:create_model() succesfully completed......................................
2022-07-25 01:22:12,226:INFO:SubProcess create_model() end ==================================
2022-07-25 01:22:12,226:INFO:Creating metrics dataframe
2022-07-25 01:22:12,278:INFO:Initializing Extra Trees Classifier
2022-07-25 01:22:12,278:INFO:Total runtime is 1.7975072542826334 minutes
2022-07-25 01:22:12,302:INFO:SubProcess create_model() called ==================================
2022-07-25 01:22:12,303:INFO:Initializing create_model()
2022-07-25 01:22:12,304:INFO:create_model(estimator=et, fold=StratifiedKFold(n_splits=10, random_state=None, shuffle=False), round=4, cross_validation=True, predict=True, fit_kwargs={}, groups=None, refit=False, verbose=False, system=False, metrics=None, experiment_custom_tags=None, add_to_model_list=True, probability_threshold=None, display=<pycaret.internal.Display.Display object at 0x00000221B0648D48>, return_train_score=False, kwargs={})
2022-07-25 01:22:12,305:INFO:Checking exceptions
2022-07-25 01:22:12,305:INFO:Importing libraries
2022-07-25 01:22:12,305:INFO:Copying training dataset
2022-07-25 01:22:12,309:INFO:Defining folds
2022-07-25 01:22:12,310:INFO:Declaring metric variables
2022-07-25 01:22:12,339:INFO:Importing untrained model
2022-07-25 01:22:12,371:INFO:Extra Trees Classifier Imported succesfully
2022-07-25 01:22:12,438:INFO:Starting cross validation
2022-07-25 01:22:12,440:INFO:Cross validating with StratifiedKFold(n_splits=10, random_state=None, shuffle=False), n_jobs=-1
2022-07-25 01:22:36,376:INFO:Calculating mean and std
2022-07-25 01:22:36,379:INFO:Creating metrics dataframe
2022-07-25 01:22:36,394:INFO:Uploading results into container
2022-07-25 01:22:36,395:INFO:Uploading model into container now
2022-07-25 01:22:36,396:INFO:create_model_container: 12
2022-07-25 01:22:36,396:INFO:master_model_container: 12
2022-07-25 01:22:36,396:INFO:display_container: 2
2022-07-25 01:22:36,398:INFO:ExtraTreesClassifier(bootstrap=False, ccp_alpha=0.0, class_weight=None,
                     criterion='gini', max_depth=None, max_features='auto',
                     max_leaf_nodes=None, max_samples=None,
                     min_impurity_decrease=0.0, min_impurity_split=None,
                     min_samples_leaf=1, min_samples_split=2,
                     min_weight_fraction_leaf=0.0, n_estimators=100, n_jobs=-1,
                     oob_score=False, random_state=4132, verbose=0,
                     warm_start=False)
2022-07-25 01:22:36,398:INFO:create_model() succesfully completed......................................
2022-07-25 01:22:36,547:INFO:SubProcess create_model() end ==================================
2022-07-25 01:22:36,547:INFO:Creating metrics dataframe
2022-07-25 01:22:36,605:INFO:Initializing Light Gradient Boosting Machine
2022-07-25 01:22:36,606:INFO:Total runtime is 2.202979318300883 minutes
2022-07-25 01:22:36,635:INFO:SubProcess create_model() called ==================================
2022-07-25 01:22:36,636:INFO:Initializing create_model()
2022-07-25 01:22:36,637:INFO:create_model(estimator=lightgbm, fold=StratifiedKFold(n_splits=10, random_state=None, shuffle=False), round=4, cross_validation=True, predict=True, fit_kwargs={}, groups=None, refit=False, verbose=False, system=False, metrics=None, experiment_custom_tags=None, add_to_model_list=True, probability_threshold=None, display=<pycaret.internal.Display.Display object at 0x00000221B0648D48>, return_train_score=False, kwargs={})
2022-07-25 01:22:36,637:INFO:Checking exceptions
2022-07-25 01:22:36,637:INFO:Importing libraries
2022-07-25 01:22:36,638:INFO:Copying training dataset
2022-07-25 01:22:36,642:INFO:Defining folds
2022-07-25 01:22:36,642:INFO:Declaring metric variables
2022-07-25 01:22:36,668:INFO:Importing untrained model
2022-07-25 01:22:36,712:INFO:Light Gradient Boosting Machine Imported succesfully
2022-07-25 01:22:36,770:INFO:Starting cross validation
2022-07-25 01:22:36,773:INFO:Cross validating with StratifiedKFold(n_splits=10, random_state=None, shuffle=False), n_jobs=-1
2022-07-25 01:22:40,656:INFO:Calculating mean and std
2022-07-25 01:22:40,659:INFO:Creating metrics dataframe
2022-07-25 01:22:40,675:INFO:Uploading results into container
2022-07-25 01:22:40,676:INFO:Uploading model into container now
2022-07-25 01:22:40,676:INFO:create_model_container: 13
2022-07-25 01:22:40,677:INFO:master_model_container: 13
2022-07-25 01:22:40,677:INFO:display_container: 2
2022-07-25 01:22:40,679:INFO:LGBMClassifier(boosting_type='gbdt', class_weight=None, colsample_bytree=1.0,
               importance_type='split', learning_rate=0.1, max_depth=-1,
               min_child_samples=20, min_child_weight=0.001, min_split_gain=0.0,
               n_estimators=100, n_jobs=-1, num_leaves=31, objective=None,
               random_state=4132, reg_alpha=0.0, reg_lambda=0.0, silent='warn',
               subsample=1.0, subsample_for_bin=200000, subsample_freq=0)
2022-07-25 01:22:40,679:INFO:create_model() succesfully completed......................................
2022-07-25 01:22:40,831:INFO:SubProcess create_model() end ==================================
2022-07-25 01:22:40,832:INFO:Creating metrics dataframe
2022-07-25 01:22:40,903:INFO:Initializing Dummy Classifier
2022-07-25 01:22:40,903:INFO:Total runtime is 2.2745962580045065 minutes
2022-07-25 01:22:40,932:INFO:SubProcess create_model() called ==================================
2022-07-25 01:22:40,933:INFO:Initializing create_model()
2022-07-25 01:22:40,934:INFO:create_model(estimator=dummy, fold=StratifiedKFold(n_splits=10, random_state=None, shuffle=False), round=4, cross_validation=True, predict=True, fit_kwargs={}, groups=None, refit=False, verbose=False, system=False, metrics=None, experiment_custom_tags=None, add_to_model_list=True, probability_threshold=None, display=<pycaret.internal.Display.Display object at 0x00000221B0648D48>, return_train_score=False, kwargs={})
2022-07-25 01:22:40,934:INFO:Checking exceptions
2022-07-25 01:22:40,934:INFO:Importing libraries
2022-07-25 01:22:40,935:INFO:Copying training dataset
2022-07-25 01:22:40,939:INFO:Defining folds
2022-07-25 01:22:40,940:INFO:Declaring metric variables
2022-07-25 01:22:40,969:INFO:Importing untrained model
2022-07-25 01:22:41,000:INFO:Dummy Classifier Imported succesfully
2022-07-25 01:22:41,062:INFO:Starting cross validation
2022-07-25 01:22:41,064:INFO:Cross validating with StratifiedKFold(n_splits=10, random_state=None, shuffle=False), n_jobs=-1
2022-07-25 01:22:41,883:INFO:Calculating mean and std
2022-07-25 01:22:41,885:INFO:Creating metrics dataframe
2022-07-25 01:22:41,903:INFO:Uploading results into container
2022-07-25 01:22:41,905:INFO:Uploading model into container now
2022-07-25 01:22:41,905:INFO:create_model_container: 14
2022-07-25 01:22:41,905:INFO:master_model_container: 14
2022-07-25 01:22:41,905:INFO:display_container: 2
2022-07-25 01:22:41,906:INFO:DummyClassifier(constant=None, random_state=4132, strategy='prior')
2022-07-25 01:22:41,906:INFO:create_model() succesfully completed......................................
2022-07-25 01:22:42,056:INFO:SubProcess create_model() end ==================================
2022-07-25 01:22:42,056:INFO:Creating metrics dataframe
2022-07-25 01:22:42,182:INFO:Initializing create_model()
2022-07-25 01:22:42,183:INFO:create_model(estimator=GradientBoostingClassifier(ccp_alpha=0.0, criterion='friedman_mse', init=None,
                           learning_rate=0.1, loss='deviance', max_depth=3,
                           max_features=None, max_leaf_nodes=None,
                           min_impurity_decrease=0.0, min_impurity_split=None,
                           min_samples_leaf=1, min_samples_split=2,
                           min_weight_fraction_leaf=0.0, n_estimators=100,
                           n_iter_no_change=None, presort='deprecated',
                           random_state=4132, subsample=1.0, tol=0.0001,
                           validation_fraction=0.1, verbose=0,
                           warm_start=False), fold=StratifiedKFold(n_splits=10, random_state=None, shuffle=False), round=4, cross_validation=False, predict=False, fit_kwargs={}, groups=None, refit=True, verbose=False, system=False, metrics=None, experiment_custom_tags=None, add_to_model_list=True, probability_threshold=None, display=None, return_train_score=False, kwargs={})
2022-07-25 01:22:42,183:INFO:Checking exceptions
2022-07-25 01:22:42,184:INFO:Importing libraries
2022-07-25 01:22:42,184:INFO:Copying training dataset
2022-07-25 01:22:42,187:INFO:Defining folds
2022-07-25 01:22:42,188:INFO:Declaring metric variables
2022-07-25 01:22:42,188:INFO:Importing untrained model
2022-07-25 01:22:42,188:INFO:Declaring custom model
2022-07-25 01:22:42,201:INFO:Gradient Boosting Classifier Imported succesfully
2022-07-25 01:22:42,202:INFO:Cross validation set to False
2022-07-25 01:22:42,202:INFO:Fitting Model
2022-07-25 01:22:51,313:INFO:GradientBoostingClassifier(ccp_alpha=0.0, criterion='friedman_mse', init=None,
                           learning_rate=0.1, loss='deviance', max_depth=3,
                           max_features=None, max_leaf_nodes=None,
                           min_impurity_decrease=0.0, min_impurity_split=None,
                           min_samples_leaf=1, min_samples_split=2,
                           min_weight_fraction_leaf=0.0, n_estimators=100,
                           n_iter_no_change=None, presort='deprecated',
                           random_state=4132, subsample=1.0, tol=0.0001,
                           validation_fraction=0.1, verbose=0,
                           warm_start=False)
2022-07-25 01:22:51,313:INFO:create_models() succesfully completed......................................
2022-07-25 01:22:51,549:INFO:create_model_container: 14
2022-07-25 01:22:51,549:INFO:master_model_container: 14
2022-07-25 01:22:51,549:INFO:display_container: 2
2022-07-25 01:22:51,551:INFO:GradientBoostingClassifier(ccp_alpha=0.0, criterion='friedman_mse', init=None,
                           learning_rate=0.1, loss='deviance', max_depth=3,
                           max_features=None, max_leaf_nodes=None,
                           min_impurity_decrease=0.0, min_impurity_split=None,
                           min_samples_leaf=1, min_samples_split=2,
                           min_weight_fraction_leaf=0.0, n_estimators=100,
                           n_iter_no_change=None, presort='deprecated',
                           random_state=4132, subsample=1.0, tol=0.0001,
                           validation_fraction=0.1, verbose=0,
                           warm_start=False)
2022-07-25 01:22:51,551:INFO:compare_models() succesfully completed......................................
2022-07-25 01:22:51,555:INFO:Initializing evaluate_model()
2022-07-25 01:22:51,555:INFO:evaluate_model(estimator=GradientBoostingClassifier(ccp_alpha=0.0, criterion='friedman_mse', init=None,
                           learning_rate=0.1, loss='deviance', max_depth=3,
                           max_features=None, max_leaf_nodes=None,
                           min_impurity_decrease=0.0, min_impurity_split=None,
                           min_samples_leaf=1, min_samples_split=2,
                           min_weight_fraction_leaf=0.0, n_estimators=100,
                           n_iter_no_change=None, presort='deprecated',
                           random_state=4132, subsample=1.0, tol=0.0001,
                           validation_fraction=0.1, verbose=0,
                           warm_start=False), fold=None, fit_kwargs=None, plot_kwargs=None, feature_name=None, groups=None, use_train_data=False)
2022-07-25 01:22:51,684:INFO:Initializing plot_model()
2022-07-25 01:22:51,684:INFO:plot_model(fold=StratifiedKFold(n_splits=10, random_state=None, shuffle=False), use_train_data=False, verbose=True, is_in_evaluate=True, display=None, display_format=None, estimator=GradientBoostingClassifier(ccp_alpha=0.0, criterion='friedman_mse', init=None,
                           learning_rate=0.1, loss='deviance', max_depth=3,
                           max_features=None, max_leaf_nodes=None,
                           min_impurity_decrease=0.0, min_impurity_split=None,
                           min_samples_leaf=1, min_samples_split=2,
                           min_weight_fraction_leaf=0.0, n_estimators=100,
                           n_iter_no_change=None, presort='deprecated',
                           random_state=4132, subsample=1.0, tol=0.0001,
                           validation_fraction=0.1, verbose=0,
                           warm_start=False), feature_name=None, fit_kwargs={}, groups=None, label=False, plot=parameter, plot_kwargs={}, save=False, scale=1, system=True)
2022-07-25 01:22:51,684:INFO:Checking exceptions
2022-07-25 01:22:51,689:INFO:Preparing display monitor
2022-07-25 01:22:51,710:INFO:Preloading libraries
2022-07-25 01:22:51,748:INFO:Copying training dataset
2022-07-25 01:22:51,750:INFO:Copying test dataset
2022-07-25 01:22:51,752:INFO:Plot type: parameter
2022-07-25 01:22:51,776:INFO:Visual Rendered Successfully
2022-07-25 01:22:51,930:INFO:plot_model() succesfully completed......................................
2022-07-25 01:22:51,930:INFO:Initializing predict_model()
2022-07-25 01:22:51,930:INFO:predict_model(estimator=GradientBoostingClassifier(ccp_alpha=0.0, criterion='friedman_mse', init=None,
                           learning_rate=0.1, loss='deviance', max_depth=3,
                           max_features=None, max_leaf_nodes=None,
                           min_impurity_decrease=0.0, min_impurity_split=None,
                           min_samples_leaf=1, min_samples_split=2,
                           min_weight_fraction_leaf=0.0, n_estimators=100,
                           n_iter_no_change=None, presort='deprecated',
                           random_state=4132, subsample=1.0, tol=0.0001,
                           validation_fraction=0.1, verbose=0,
                           warm_start=False), probability_threshold=None, encoded_labels=False, drift_report=False, raw_score=False, round=4, verbose=True, ml_usecase=MLUsecase.CLASSIFICATION, display=None, drift_kwargs=None)
2022-07-25 01:22:51,930:INFO:Checking exceptions
2022-07-25 01:22:51,930:INFO:Preloading libraries
2022-07-25 01:22:51,930:INFO:Preparing display monitor
2022-07-25 01:23:32,239:INFO:Initializing plot_model()
2022-07-25 01:23:32,240:INFO:plot_model(fold=StratifiedKFold(n_splits=10, random_state=None, shuffle=False), use_train_data=False, verbose=True, is_in_evaluate=True, display=None, display_format=None, estimator=GradientBoostingClassifier(ccp_alpha=0.0, criterion='friedman_mse', init=None,
                           learning_rate=0.1, loss='deviance', max_depth=3,
                           max_features=None, max_leaf_nodes=None,
                           min_impurity_decrease=0.0, min_impurity_split=None,
                           min_samples_leaf=1, min_samples_split=2,
                           min_weight_fraction_leaf=0.0, n_estimators=100,
                           n_iter_no_change=None, presort='deprecated',
                           random_state=4132, subsample=1.0, tol=0.0001,
                           validation_fraction=0.1, verbose=0,
                           warm_start=False), feature_name=None, fit_kwargs={}, groups=None, label=False, plot=calibration, plot_kwargs={}, save=False, scale=1, system=True)
2022-07-25 01:23:32,240:INFO:Checking exceptions
2022-07-25 01:23:32,246:INFO:Preparing display monitor
2022-07-25 01:23:32,265:INFO:Preloading libraries
2022-07-25 01:23:32,303:INFO:Copying training dataset
2022-07-25 01:23:32,313:INFO:Copying test dataset
2022-07-25 01:23:32,317:INFO:Plot type: calibration
2022-07-25 01:23:32,394:INFO:Scoring test/hold-out set
2022-07-25 01:23:32,907:INFO:Visual Rendered Successfully
2022-07-25 01:23:33,054:INFO:plot_model() succesfully completed......................................
2022-07-25 01:23:47,565:INFO:Initializing plot_model()
2022-07-25 01:23:47,566:INFO:plot_model(fold=StratifiedKFold(n_splits=10, random_state=None, shuffle=False), use_train_data=False, verbose=True, is_in_evaluate=True, display=None, display_format=None, estimator=GradientBoostingClassifier(ccp_alpha=0.0, criterion='friedman_mse', init=None,
                           learning_rate=0.1, loss='deviance', max_depth=3,
                           max_features=None, max_leaf_nodes=None,
                           min_impurity_decrease=0.0, min_impurity_split=None,
                           min_samples_leaf=1, min_samples_split=2,
                           min_weight_fraction_leaf=0.0, n_estimators=100,
                           n_iter_no_change=None, presort='deprecated',
                           random_state=4132, subsample=1.0, tol=0.0001,
                           validation_fraction=0.1, verbose=0,
                           warm_start=False), feature_name=None, fit_kwargs={}, groups=None, label=False, plot=auc, plot_kwargs={}, save=False, scale=1, system=True)
2022-07-25 01:23:47,566:INFO:Checking exceptions
2022-07-25 01:23:47,571:INFO:Preparing display monitor
2022-07-25 01:23:47,593:INFO:Preloading libraries
2022-07-25 01:23:47,632:INFO:Copying training dataset
2022-07-25 01:23:47,634:INFO:Copying test dataset
2022-07-25 01:23:47,635:INFO:Plot type: auc
2022-07-25 01:23:47,645:INFO:Initializing get_config()
2022-07-25 01:23:47,646:INFO:get_config(variable=prep_pipe)
2022-07-25 01:23:47,676:INFO:Global variable: prep_pipe returned as Pipeline(memory=None,
         steps=[('dtypes',
                 DataTypes_Auto_infer(categorical_features=[],
                                      display_types=True, features_todrop=[],
                                      id_columns=[],
                                      ml_usecase='classification',
                                      numerical_features=[], target='y',
                                      time_features=[])),
                ('imputer',
                 Simple_Imputer(categorical_strategy='not_available',
                                fill_value_categorical=None,
                                fill_value_numerical=None,
                                numeric_strategy='...
                ('scaling', 'passthrough'), ('P_transform', 'passthrough'),
                ('binn', 'passthrough'), ('rem_outliers', 'passthrough'),
                ('cluster_all', 'passthrough'), ('dummy', Dummify(target='y')),
                ('fix_perfect', Remove_100(target='y')),
                ('clean_names', Clean_Colum_Names()),
                ('feature_select', 'passthrough'), ('fix_multi', 'passthrough'),
                ('dfs', 'passthrough'), ('pca', 'passthrough')],
         verbose=False)
2022-07-25 01:23:47,676:INFO:get_config() succesfully completed......................................
2022-07-25 01:23:47,678:INFO:Fitting Model
2022-07-25 01:23:47,682:INFO:Scoring test/hold-out set
2022-07-25 01:23:48,328:INFO:Visual Rendered Successfully
2022-07-25 01:23:48,475:INFO:plot_model() succesfully completed......................................
2022-07-25 01:24:03,954:INFO:Initializing plot_model()
2022-07-25 01:24:03,954:INFO:plot_model(fold=StratifiedKFold(n_splits=10, random_state=None, shuffle=False), use_train_data=False, verbose=True, is_in_evaluate=True, display=None, display_format=None, estimator=GradientBoostingClassifier(ccp_alpha=0.0, criterion='friedman_mse', init=None,
                           learning_rate=0.1, loss='deviance', max_depth=3,
                           max_features=None, max_leaf_nodes=None,
                           min_impurity_decrease=0.0, min_impurity_split=None,
                           min_samples_leaf=1, min_samples_split=2,
                           min_weight_fraction_leaf=0.0, n_estimators=100,
                           n_iter_no_change=None, presort='deprecated',
                           random_state=4132, subsample=1.0, tol=0.0001,
                           validation_fraction=0.1, verbose=0,
                           warm_start=False), feature_name=None, fit_kwargs={}, groups=None, label=False, plot=threshold, plot_kwargs={}, save=False, scale=1, system=True)
2022-07-25 01:24:03,954:INFO:Checking exceptions
2022-07-25 01:24:03,964:INFO:Preparing display monitor
2022-07-25 01:24:03,984:INFO:Preloading libraries
2022-07-25 01:24:04,017:INFO:Copying training dataset
2022-07-25 01:24:04,020:INFO:Copying test dataset
2022-07-25 01:24:04,022:INFO:Plot type: threshold
2022-07-25 01:24:04,048:INFO:Fitting Model
